[2019-02-20 01:08:02] production.ERROR: No application encryption key has been specified. {"exception":"[object] (RuntimeException(code: 0): No application encryption key has been specified. at D:\\JHOSELL\\PROGRAMAS\\laragon\\www\\incidencias\\vendor\\laravel\\framework\\src\\Illuminate\\Encryption\\EncryptionServiceProvider.php:44)
[stacktrace]
#0 D:\\JHOSELL\\PROGRAMAS\\laragon\\www\\incidencias\\vendor\\laravel\\framework\\src\\Illuminate\\Support\\helpers.php(1027): Illuminate\\Encryption\\EncryptionServiceProvider->Illuminate\\Encryption\\{closure}(NULL)
#1 D:\\JHOSELL\\PROGRAMAS\\laragon\\www\\incidencias\\vendor\\laravel\\framework\\src\\Illuminate\\Encryption\\EncryptionServiceProvider.php(48): tap(NULL, Object(Closure))
#2 D:\\JHOSELL\\PROGRAMAS\\laragon\\www\\incidencias\\vendor\\laravel\\framework\\src\\Illuminate\\Encryption\\EncryptionServiceProvider.php(24): Illuminate\\Encryption\\EncryptionServiceProvider->key(Array)
#3 D:\\JHOSELL\\PROGRAMAS\\laragon\\www\\incidencias\\vendor\\laravel\\framework\\src\\Illuminate\\Container\\Container.php(776): Illuminate\\Encryption\\EncryptionServiceProvider->Illuminate\\Encryption\\{closure}(Object(Illuminate\\Foundation\\Application), Array)
#4 D:\\JHOSELL\\PROGRAMAS\\laragon\\www\\incidencias\\vendor\\laravel\\framework\\src\\Illuminate\\Container\\Container.php(658): Illuminate\\Container\\Container->build(Object(Closure))
#5 D:\\JHOSELL\\PROGRAMAS\\laragon\\www\\incidencias\\vendor\\laravel\\framework\\src\\Illuminate\\Container\\Container.php(609): Illuminate\\Container\\Container->resolve('encrypter', Array)
#6 D:\\JHOSELL\\PROGRAMAS\\laragon\\www\\incidencias\\vendor\\laravel\\framework\\src\\Illuminate\\Foundation\\Application.php(759): Illuminate\\Container\\Container->make('encrypter', Array)
#7 D:\\JHOSELL\\PROGRAMAS\\laragon\\www\\incidencias\\vendor\\laravel\\framework\\src\\Illuminate\\Container\\Container.php(912): Illuminate\\Foundation\\Application->make('encrypter')
#8 D:\\JHOSELL\\PROGRAMAS\\laragon\\www\\incidencias\\vendor\\laravel\\framework\\src\\Illuminate\\Container\\Container.php(840): Illuminate\\Container\\Container->resolveClass(Object(ReflectionParameter))
#9 D:\\JHOSELL\\PROGRAMAS\\laragon\\www\\incidencias\\vendor\\laravel\\framework\\src\\Illuminate\\Container\\Container.php(807): Illuminate\\Container\\Container->resolveDependencies(Array)
#10 D:\\JHOSELL\\PROGRAMAS\\laragon\\www\\incidencias\\vendor\\laravel\\framework\\src\\Illuminate\\Container\\Container.php(658): Illuminate\\Container\\Container->build('App\\\\Http\\\\Middle...')
#11 D:\\JHOSELL\\PROGRAMAS\\laragon\\www\\incidencias\\vendor\\laravel\\framework\\src\\Illuminate\\Container\\Container.php(609): Illuminate\\Container\\Container->resolve('App\\\\Http\\\\Middle...', Array)
#12 D:\\JHOSELL\\PROGRAMAS\\laragon\\www\\incidencias\\vendor\\laravel\\framework\\src\\Illuminate\\Foundation\\Application.php(759): Illuminate\\Container\\Container->make('App\\\\Http\\\\Middle...', Array)
#13 D:\\JHOSELL\\PROGRAMAS\\laragon\\www\\incidencias\\vendor\\laravel\\framework\\src\\Illuminate\\Pipeline\\Pipeline.php(152): Illuminate\\Foundation\\Application->make('App\\\\Http\\\\Middle...')
#14 D:\\JHOSELL\\PROGRAMAS\\laragon\\www\\incidencias\\vendor\\laravel\\framework\\src\\Illuminate\\Routing\\Pipeline.php(53): Illuminate\\Pipeline\\Pipeline->Illuminate\\Pipeline\\{closure}(Object(Illuminate\\Http\\Request))
#15 D:\\JHOSELL\\PROGRAMAS\\laragon\\www\\incidencias\\vendor\\laravel\\framework\\src\\Illuminate\\Pipeline\\Pipeline.php(104): Illuminate\\Routing\\Pipeline->Illuminate\\Routing\\{closure}(Object(Illuminate\\Http\\Request))
#16 D:\\JHOSELL\\PROGRAMAS\\laragon\\www\\incidencias\\vendor\\laravel\\framework\\src\\Illuminate\\Routing\\Router.php(684): Illuminate\\Pipeline\\Pipeline->then(Object(Closure))
#17 D:\\JHOSELL\\PROGRAMAS\\laragon\\www\\incidencias\\vendor\\laravel\\framework\\src\\Illuminate\\Routing\\Router.php(659): Illuminate\\Routing\\Router->runRouteWithinStack(Object(Illuminate\\Routing\\Route), Object(Illuminate\\Http\\Request))
#18 D:\\JHOSELL\\PROGRAMAS\\laragon\\www\\incidencias\\vendor\\laravel\\framework\\src\\Illuminate\\Routing\\Router.php(625): Illuminate\\Routing\\Router->runRoute(Object(Illuminate\\Http\\Request), Object(Illuminate\\Routing\\Route))
#19 D:\\JHOSELL\\PROGRAMAS\\laragon\\www\\incidencias\\vendor\\laravel\\framework\\src\\Illuminate\\Routing\\Router.php(614): Illuminate\\Routing\\Router->dispatchToRoute(Object(Illuminate\\Http\\Request))
#20 D:\\JHOSELL\\PROGRAMAS\\laragon\\www\\incidencias\\vendor\\laravel\\framework\\src\\Illuminate\\Foundation\\Http\\Kernel.php(176): Illuminate\\Routing\\Router->dispatch(Object(Illuminate\\Http\\Request))
#21 D:\\JHOSELL\\PROGRAMAS\\laragon\\www\\incidencias\\vendor\\laravel\\framework\\src\\Illuminate\\Routing\\Pipeline.php(30): Illuminate\\Foundation\\Http\\Kernel->Illuminate\\Foundation\\Http\\{closure}(Object(Illuminate\\Http\\Request))
#22 D:\\JHOSELL\\PROGRAMAS\\laragon\\www\\incidencias\\vendor\\fideloper\\proxy\\src\\TrustProxies.php(57): Illuminate\\Routing\\Pipeline->Illuminate\\Routing\\{closure}(Object(Illuminate\\Http\\Request))
#23 D:\\JHOSELL\\PROGRAMAS\\laragon\\www\\incidencias\\vendor\\laravel\\framework\\src\\Illuminate\\Pipeline\\Pipeline.php(163): Fideloper\\Proxy\\TrustProxies->handle(Object(Illuminate\\Http\\Request), Object(Closure))
#24 D:\\JHOSELL\\PROGRAMAS\\laragon\\www\\incidencias\\vendor\\laravel\\framework\\src\\Illuminate\\Routing\\Pipeline.php(53): Illuminate\\Pipeline\\Pipeline->Illuminate\\Pipeline\\{closure}(Object(Illuminate\\Http\\Request))
#25 D:\\JHOSELL\\PROGRAMAS\\laragon\\www\\incidencias\\vendor\\laravel\\framework\\src\\Illuminate\\Foundation\\Http\\Middleware\\TransformsRequest.php(31): Illuminate\\Routing\\Pipeline->Illuminate\\Routing\\{closure}(Object(Illuminate\\Http\\Request))
#26 D:\\JHOSELL\\PROGRAMAS\\laragon\\www\\incidencias\\vendor\\laravel\\framework\\src\\Illuminate\\Pipeline\\Pipeline.php(163): Illuminate\\Foundation\\Http\\Middleware\\TransformsRequest->handle(Object(Illuminate\\Http\\Request), Object(Closure))
#27 D:\\JHOSELL\\PROGRAMAS\\laragon\\www\\incidencias\\vendor\\laravel\\framework\\src\\Illuminate\\Routing\\Pipeline.php(53): Illuminate\\Pipeline\\Pipeline->Illuminate\\Pipeline\\{closure}(Object(Illuminate\\Http\\Request))
#28 D:\\JHOSELL\\PROGRAMAS\\laragon\\www\\incidencias\\vendor\\laravel\\framework\\src\\Illuminate\\Foundation\\Http\\Middleware\\TransformsRequest.php(31): Illuminate\\Routing\\Pipeline->Illuminate\\Routing\\{closure}(Object(Illuminate\\Http\\Request))
#29 D:\\JHOSELL\\PROGRAMAS\\laragon\\www\\incidencias\\vendor\\laravel\\framework\\src\\Illuminate\\Pipeline\\Pipeline.php(163): Illuminate\\Foundation\\Http\\Middleware\\TransformsRequest->handle(Object(Illuminate\\Http\\Request), Object(Closure))
#30 D:\\JHOSELL\\PROGRAMAS\\laragon\\www\\incidencias\\vendor\\laravel\\framework\\src\\Illuminate\\Routing\\Pipeline.php(53): Illuminate\\Pipeline\\Pipeline->Illuminate\\Pipeline\\{closure}(Object(Illuminate\\Http\\Request))
#31 D:\\JHOSELL\\PROGRAMAS\\laragon\\www\\incidencias\\vendor\\laravel\\framework\\src\\Illuminate\\Foundation\\Http\\Middleware\\ValidatePostSize.php(27): Illuminate\\Routing\\Pipeline->Illuminate\\Routing\\{closure}(Object(Illuminate\\Http\\Request))
#32 D:\\JHOSELL\\PROGRAMAS\\laragon\\www\\incidencias\\vendor\\laravel\\framework\\src\\Illuminate\\Pipeline\\Pipeline.php(163): Illuminate\\Foundation\\Http\\Middleware\\ValidatePostSize->handle(Object(Illuminate\\Http\\Request), Object(Closure))
#33 D:\\JHOSELL\\PROGRAMAS\\laragon\\www\\incidencias\\vendor\\laravel\\framework\\src\\Illuminate\\Routing\\Pipeline.php(53): Illuminate\\Pipeline\\Pipeline->Illuminate\\Pipeline\\{closure}(Object(Illuminate\\Http\\Request))
#34 D:\\JHOSELL\\PROGRAMAS\\laragon\\www\\incidencias\\vendor\\laravel\\framework\\src\\Illuminate\\Foundation\\Http\\Middleware\\CheckForMaintenanceMode.php(62): Illuminate\\Routing\\Pipeline->Illuminate\\Routing\\{closure}(Object(Illuminate\\Http\\Request))
#35 D:\\JHOSELL\\PROGRAMAS\\laragon\\www\\incidencias\\vendor\\laravel\\framework\\src\\Illuminate\\Pipeline\\Pipeline.php(163): Illuminate\\Foundation\\Http\\Middleware\\CheckForMaintenanceMode->handle(Object(Illuminate\\Http\\Request), Object(Closure))
#36 D:\\JHOSELL\\PROGRAMAS\\laragon\\www\\incidencias\\vendor\\laravel\\framework\\src\\Illuminate\\Routing\\Pipeline.php(53): Illuminate\\Pipeline\\Pipeline->Illuminate\\Pipeline\\{closure}(Object(Illuminate\\Http\\Request))
#37 D:\\JHOSELL\\PROGRAMAS\\laragon\\www\\incidencias\\vendor\\laravel\\framework\\src\\Illuminate\\Pipeline\\Pipeline.php(104): Illuminate\\Routing\\Pipeline->Illuminate\\Routing\\{closure}(Object(Illuminate\\Http\\Request))
#38 D:\\JHOSELL\\PROGRAMAS\\laragon\\www\\incidencias\\vendor\\laravel\\framework\\src\\Illuminate\\Foundation\\Http\\Kernel.php(151): Illuminate\\Pipeline\\Pipeline->then(Object(Closure))
#39 D:\\JHOSELL\\PROGRAMAS\\laragon\\www\\incidencias\\vendor\\laravel\\framework\\src\\Illuminate\\Foundation\\Http\\Kernel.php(116): Illuminate\\Foundation\\Http\\Kernel->sendRequestThroughRouter(Object(Illuminate\\Http\\Request))
#40 D:\\JHOSELL\\PROGRAMAS\\laragon\\www\\incidencias\\public\\index.php(55): Illuminate\\Foundation\\Http\\Kernel->handle(Object(Illuminate\\Http\\Request))
#41 {main}
"} 
[2019-02-20 01:08:02] production.ERROR: No application encryption key has been specified. {"exception":"[object] (RuntimeException(code: 0): No application encryption key has been specified. at D:\\JHOSELL\\PROGRAMAS\\laragon\\www\\incidencias\\vendor\\laravel\\framework\\src\\Illuminate\\Encryption\\EncryptionServiceProvider.php:44)
[stacktrace]
#0 D:\\JHOSELL\\PROGRAMAS\\laragon\\www\\incidencias\\vendor\\laravel\\framework\\src\\Illuminate\\Support\\helpers.php(1027): Illuminate\\Encryption\\EncryptionServiceProvider->Illuminate\\Encryption\\{closure}(NULL)
#1 D:\\JHOSELL\\PROGRAMAS\\laragon\\www\\incidencias\\vendor\\laravel\\framework\\src\\Illuminate\\Encryption\\EncryptionServiceProvider.php(48): tap(NULL, Object(Closure))
#2 D:\\JHOSELL\\PROGRAMAS\\laragon\\www\\incidencias\\vendor\\laravel\\framework\\src\\Illuminate\\Encryption\\EncryptionServiceProvider.php(24): Illuminate\\Encryption\\EncryptionServiceProvider->key(Array)
#3 D:\\JHOSELL\\PROGRAMAS\\laragon\\www\\incidencias\\vendor\\laravel\\framework\\src\\Illuminate\\Container\\Container.php(776): Illuminate\\Encryption\\EncryptionServiceProvider->Illuminate\\Encryption\\{closure}(Object(Illuminate\\Foundation\\Application), Array)
#4 D:\\JHOSELL\\PROGRAMAS\\laragon\\www\\incidencias\\vendor\\laravel\\framework\\src\\Illuminate\\Container\\Container.php(658): Illuminate\\Container\\Container->build(Object(Closure))
#5 D:\\JHOSELL\\PROGRAMAS\\laragon\\www\\incidencias\\vendor\\laravel\\framework\\src\\Illuminate\\Container\\Container.php(609): Illuminate\\Container\\Container->resolve('encrypter', Array)
#6 D:\\JHOSELL\\PROGRAMAS\\laragon\\www\\incidencias\\vendor\\laravel\\framework\\src\\Illuminate\\Foundation\\Application.php(759): Illuminate\\Container\\Container->make('encrypter', Array)
#7 D:\\JHOSELL\\PROGRAMAS\\laragon\\www\\incidencias\\vendor\\laravel\\framework\\src\\Illuminate\\Container\\Container.php(912): Illuminate\\Foundation\\Application->make('encrypter')
#8 D:\\JHOSELL\\PROGRAMAS\\laragon\\www\\incidencias\\vendor\\laravel\\framework\\src\\Illuminate\\Container\\Container.php(840): Illuminate\\Container\\Container->resolveClass(Object(ReflectionParameter))
#9 D:\\JHOSELL\\PROGRAMAS\\laragon\\www\\incidencias\\vendor\\laravel\\framework\\src\\Illuminate\\Container\\Container.php(807): Illuminate\\Container\\Container->resolveDependencies(Array)
#10 D:\\JHOSELL\\PROGRAMAS\\laragon\\www\\incidencias\\vendor\\laravel\\framework\\src\\Illuminate\\Container\\Container.php(658): Illuminate\\Container\\Container->build('App\\\\Http\\\\Middle...')
#11 D:\\JHOSELL\\PROGRAMAS\\laragon\\www\\incidencias\\vendor\\laravel\\framework\\src\\Illuminate\\Container\\Container.php(609): Illuminate\\Container\\Container->resolve('App\\\\Http\\\\Middle...', Array)
#12 D:\\JHOSELL\\PROGRAMAS\\laragon\\www\\incidencias\\vendor\\laravel\\framework\\src\\Illuminate\\Foundation\\Application.php(759): Illuminate\\Container\\Container->make('App\\\\Http\\\\Middle...', Array)
#13 D:\\JHOSELL\\PROGRAMAS\\laragon\\www\\incidencias\\vendor\\laravel\\framework\\src\\Illuminate\\Foundation\\Http\\Kernel.php(215): Illuminate\\Foundation\\Application->make('App\\\\Http\\\\Middle...')
#14 D:\\JHOSELL\\PROGRAMAS\\laragon\\www\\incidencias\\vendor\\laravel\\framework\\src\\Illuminate\\Foundation\\Http\\Kernel.php(189): Illuminate\\Foundation\\Http\\Kernel->terminateMiddleware(Object(Illuminate\\Http\\Request), Object(Illuminate\\Http\\Response))
#15 D:\\JHOSELL\\PROGRAMAS\\laragon\\www\\incidencias\\public\\index.php(60): Illuminate\\Foundation\\Http\\Kernel->terminate(Object(Illuminate\\Http\\Request), Object(Illuminate\\Http\\Response))
#16 {main}
"} 
[2019-02-20 01:08:13] production.ERROR: No application encryption key has been specified. {"exception":"[object] (RuntimeException(code: 0): No application encryption key has been specified. at D:\\JHOSELL\\PROGRAMAS\\laragon\\www\\incidencias\\vendor\\laravel\\framework\\src\\Illuminate\\Encryption\\EncryptionServiceProvider.php:44)
[stacktrace]
#0 D:\\JHOSELL\\PROGRAMAS\\laragon\\www\\incidencias\\vendor\\laravel\\framework\\src\\Illuminate\\Support\\helpers.php(1027): Illuminate\\Encryption\\EncryptionServiceProvider->Illuminate\\Encryption\\{closure}(NULL)
#1 D:\\JHOSELL\\PROGRAMAS\\laragon\\www\\incidencias\\vendor\\laravel\\framework\\src\\Illuminate\\Encryption\\EncryptionServiceProvider.php(48): tap(NULL, Object(Closure))
#2 D:\\JHOSELL\\PROGRAMAS\\laragon\\www\\incidencias\\vendor\\laravel\\framework\\src\\Illuminate\\Encryption\\EncryptionServiceProvider.php(24): Illuminate\\Encryption\\EncryptionServiceProvider->key(Array)
#3 D:\\JHOSELL\\PROGRAMAS\\laragon\\www\\incidencias\\vendor\\laravel\\framework\\src\\Illuminate\\Container\\Container.php(776): Illuminate\\Encryption\\EncryptionServiceProvider->Illuminate\\Encryption\\{closure}(Object(Illuminate\\Foundation\\Application), Array)
#4 D:\\JHOSELL\\PROGRAMAS\\laragon\\www\\incidencias\\vendor\\laravel\\framework\\src\\Illuminate\\Container\\Container.php(658): Illuminate\\Container\\Container->build(Object(Closure))
#5 D:\\JHOSELL\\PROGRAMAS\\laragon\\www\\incidencias\\vendor\\laravel\\framework\\src\\Illuminate\\Container\\Container.php(609): Illuminate\\Container\\Container->resolve('encrypter', Array)
#6 D:\\JHOSELL\\PROGRAMAS\\laragon\\www\\incidencias\\vendor\\laravel\\framework\\src\\Illuminate\\Foundation\\Application.php(759): Illuminate\\Container\\Container->make('encrypter', Array)
#7 D:\\JHOSELL\\PROGRAMAS\\laragon\\www\\incidencias\\vendor\\laravel\\framework\\src\\Illuminate\\Container\\Container.php(912): Illuminate\\Foundation\\Application->make('encrypter')
#8 D:\\JHOSELL\\PROGRAMAS\\laragon\\www\\incidencias\\vendor\\laravel\\framework\\src\\Illuminate\\Container\\Container.php(840): Illuminate\\Container\\Container->resolveClass(Object(ReflectionParameter))
#9 D:\\JHOSELL\\PROGRAMAS\\laragon\\www\\incidencias\\vendor\\laravel\\framework\\src\\Illuminate\\Container\\Container.php(807): Illuminate\\Container\\Container->resolveDependencies(Array)
#10 D:\\JHOSELL\\PROGRAMAS\\laragon\\www\\incidencias\\vendor\\laravel\\framework\\src\\Illuminate\\Container\\Container.php(658): Illuminate\\Container\\Container->build('App\\\\Http\\\\Middle...')
#11 D:\\JHOSELL\\PROGRAMAS\\laragon\\www\\incidencias\\vendor\\laravel\\framework\\src\\Illuminate\\Container\\Container.php(609): Illuminate\\Container\\Container->resolve('App\\\\Http\\\\Middle...', Array)
#12 D:\\JHOSELL\\PROGRAMAS\\laragon\\www\\incidencias\\vendor\\laravel\\framework\\src\\Illuminate\\Foundation\\Application.php(759): Illuminate\\Container\\Container->make('App\\\\Http\\\\Middle...', Array)
#13 D:\\JHOSELL\\PROGRAMAS\\laragon\\www\\incidencias\\vendor\\laravel\\framework\\src\\Illuminate\\Pipeline\\Pipeline.php(152): Illuminate\\Foundation\\Application->make('App\\\\Http\\\\Middle...')
#14 D:\\JHOSELL\\PROGRAMAS\\laragon\\www\\incidencias\\vendor\\laravel\\framework\\src\\Illuminate\\Routing\\Pipeline.php(53): Illuminate\\Pipeline\\Pipeline->Illuminate\\Pipeline\\{closure}(Object(Illuminate\\Http\\Request))
#15 D:\\JHOSELL\\PROGRAMAS\\laragon\\www\\incidencias\\vendor\\laravel\\framework\\src\\Illuminate\\Pipeline\\Pipeline.php(104): Illuminate\\Routing\\Pipeline->Illuminate\\Routing\\{closure}(Object(Illuminate\\Http\\Request))
#16 D:\\JHOSELL\\PROGRAMAS\\laragon\\www\\incidencias\\vendor\\laravel\\framework\\src\\Illuminate\\Routing\\Router.php(684): Illuminate\\Pipeline\\Pipeline->then(Object(Closure))
#17 D:\\JHOSELL\\PROGRAMAS\\laragon\\www\\incidencias\\vendor\\laravel\\framework\\src\\Illuminate\\Routing\\Router.php(659): Illuminate\\Routing\\Router->runRouteWithinStack(Object(Illuminate\\Routing\\Route), Object(Illuminate\\Http\\Request))
#18 D:\\JHOSELL\\PROGRAMAS\\laragon\\www\\incidencias\\vendor\\laravel\\framework\\src\\Illuminate\\Routing\\Router.php(625): Illuminate\\Routing\\Router->runRoute(Object(Illuminate\\Http\\Request), Object(Illuminate\\Routing\\Route))
#19 D:\\JHOSELL\\PROGRAMAS\\laragon\\www\\incidencias\\vendor\\laravel\\framework\\src\\Illuminate\\Routing\\Router.php(614): Illuminate\\Routing\\Router->dispatchToRoute(Object(Illuminate\\Http\\Request))
#20 D:\\JHOSELL\\PROGRAMAS\\laragon\\www\\incidencias\\vendor\\laravel\\framework\\src\\Illuminate\\Foundation\\Http\\Kernel.php(176): Illuminate\\Routing\\Router->dispatch(Object(Illuminate\\Http\\Request))
#21 D:\\JHOSELL\\PROGRAMAS\\laragon\\www\\incidencias\\vendor\\laravel\\framework\\src\\Illuminate\\Routing\\Pipeline.php(30): Illuminate\\Foundation\\Http\\Kernel->Illuminate\\Foundation\\Http\\{closure}(Object(Illuminate\\Http\\Request))
#22 D:\\JHOSELL\\PROGRAMAS\\laragon\\www\\incidencias\\vendor\\fideloper\\proxy\\src\\TrustProxies.php(57): Illuminate\\Routing\\Pipeline->Illuminate\\Routing\\{closure}(Object(Illuminate\\Http\\Request))
#23 D:\\JHOSELL\\PROGRAMAS\\laragon\\www\\incidencias\\vendor\\laravel\\framework\\src\\Illuminate\\Pipeline\\Pipeline.php(163): Fideloper\\Proxy\\TrustProxies->handle(Object(Illuminate\\Http\\Request), Object(Closure))
#24 D:\\JHOSELL\\PROGRAMAS\\laragon\\www\\incidencias\\vendor\\laravel\\framework\\src\\Illuminate\\Routing\\Pipeline.php(53): Illuminate\\Pipeline\\Pipeline->Illuminate\\Pipeline\\{closure}(Object(Illuminate\\Http\\Request))
#25 D:\\JHOSELL\\PROGRAMAS\\laragon\\www\\incidencias\\vendor\\laravel\\framework\\src\\Illuminate\\Foundation\\Http\\Middleware\\TransformsRequest.php(31): Illuminate\\Routing\\Pipeline->Illuminate\\Routing\\{closure}(Object(Illuminate\\Http\\Request))
#26 D:\\JHOSELL\\PROGRAMAS\\laragon\\www\\incidencias\\vendor\\laravel\\framework\\src\\Illuminate\\Pipeline\\Pipeline.php(163): Illuminate\\Foundation\\Http\\Middleware\\TransformsRequest->handle(Object(Illuminate\\Http\\Request), Object(Closure))
#27 D:\\JHOSELL\\PROGRAMAS\\laragon\\www\\incidencias\\vendor\\laravel\\framework\\src\\Illuminate\\Routing\\Pipeline.php(53): Illuminate\\Pipeline\\Pipeline->Illuminate\\Pipeline\\{closure}(Object(Illuminate\\Http\\Request))
#28 D:\\JHOSELL\\PROGRAMAS\\laragon\\www\\incidencias\\vendor\\laravel\\framework\\src\\Illuminate\\Foundation\\Http\\Middleware\\TransformsRequest.php(31): Illuminate\\Routing\\Pipeline->Illuminate\\Routing\\{closure}(Object(Illuminate\\Http\\Request))
#29 D:\\JHOSELL\\PROGRAMAS\\laragon\\www\\incidencias\\vendor\\laravel\\framework\\src\\Illuminate\\Pipeline\\Pipeline.php(163): Illuminate\\Foundation\\Http\\Middleware\\TransformsRequest->handle(Object(Illuminate\\Http\\Request), Object(Closure))
#30 D:\\JHOSELL\\PROGRAMAS\\laragon\\www\\incidencias\\vendor\\laravel\\framework\\src\\Illuminate\\Routing\\Pipeline.php(53): Illuminate\\Pipeline\\Pipeline->Illuminate\\Pipeline\\{closure}(Object(Illuminate\\Http\\Request))
#31 D:\\JHOSELL\\PROGRAMAS\\laragon\\www\\incidencias\\vendor\\laravel\\framework\\src\\Illuminate\\Foundation\\Http\\Middleware\\ValidatePostSize.php(27): Illuminate\\Routing\\Pipeline->Illuminate\\Routing\\{closure}(Object(Illuminate\\Http\\Request))
#32 D:\\JHOSELL\\PROGRAMAS\\laragon\\www\\incidencias\\vendor\\laravel\\framework\\src\\Illuminate\\Pipeline\\Pipeline.php(163): Illuminate\\Foundation\\Http\\Middleware\\ValidatePostSize->handle(Object(Illuminate\\Http\\Request), Object(Closure))
#33 D:\\JHOSELL\\PROGRAMAS\\laragon\\www\\incidencias\\vendor\\laravel\\framework\\src\\Illuminate\\Routing\\Pipeline.php(53): Illuminate\\Pipeline\\Pipeline->Illuminate\\Pipeline\\{closure}(Object(Illuminate\\Http\\Request))
#34 D:\\JHOSELL\\PROGRAMAS\\laragon\\www\\incidencias\\vendor\\laravel\\framework\\src\\Illuminate\\Foundation\\Http\\Middleware\\CheckForMaintenanceMode.php(62): Illuminate\\Routing\\Pipeline->Illuminate\\Routing\\{closure}(Object(Illuminate\\Http\\Request))
#35 D:\\JHOSELL\\PROGRAMAS\\laragon\\www\\incidencias\\vendor\\laravel\\framework\\src\\Illuminate\\Pipeline\\Pipeline.php(163): Illuminate\\Foundation\\Http\\Middleware\\CheckForMaintenanceMode->handle(Object(Illuminate\\Http\\Request), Object(Closure))
#36 D:\\JHOSELL\\PROGRAMAS\\laragon\\www\\incidencias\\vendor\\laravel\\framework\\src\\Illuminate\\Routing\\Pipeline.php(53): Illuminate\\Pipeline\\Pipeline->Illuminate\\Pipeline\\{closure}(Object(Illuminate\\Http\\Request))
#37 D:\\JHOSELL\\PROGRAMAS\\laragon\\www\\incidencias\\vendor\\laravel\\framework\\src\\Illuminate\\Pipeline\\Pipeline.php(104): Illuminate\\Routing\\Pipeline->Illuminate\\Routing\\{closure}(Object(Illuminate\\Http\\Request))
#38 D:\\JHOSELL\\PROGRAMAS\\laragon\\www\\incidencias\\vendor\\laravel\\framework\\src\\Illuminate\\Foundation\\Http\\Kernel.php(151): Illuminate\\Pipeline\\Pipeline->then(Object(Closure))
#39 D:\\JHOSELL\\PROGRAMAS\\laragon\\www\\incidencias\\vendor\\laravel\\framework\\src\\Illuminate\\Foundation\\Http\\Kernel.php(116): Illuminate\\Foundation\\Http\\Kernel->sendRequestThroughRouter(Object(Illuminate\\Http\\Request))
#40 D:\\JHOSELL\\PROGRAMAS\\laragon\\www\\incidencias\\public\\index.php(55): Illuminate\\Foundation\\Http\\Kernel->handle(Object(Illuminate\\Http\\Request))
#41 {main}
"} 
[2019-02-20 01:08:13] production.ERROR: No application encryption key has been specified. {"exception":"[object] (RuntimeException(code: 0): No application encryption key has been specified. at D:\\JHOSELL\\PROGRAMAS\\laragon\\www\\incidencias\\vendor\\laravel\\framework\\src\\Illuminate\\Encryption\\EncryptionServiceProvider.php:44)
[stacktrace]
#0 D:\\JHOSELL\\PROGRAMAS\\laragon\\www\\incidencias\\vendor\\laravel\\framework\\src\\Illuminate\\Support\\helpers.php(1027): Illuminate\\Encryption\\EncryptionServiceProvider->Illuminate\\Encryption\\{closure}(NULL)
#1 D:\\JHOSELL\\PROGRAMAS\\laragon\\www\\incidencias\\vendor\\laravel\\framework\\src\\Illuminate\\Encryption\\EncryptionServiceProvider.php(48): tap(NULL, Object(Closure))
#2 D:\\JHOSELL\\PROGRAMAS\\laragon\\www\\incidencias\\vendor\\laravel\\framework\\src\\Illuminate\\Encryption\\EncryptionServiceProvider.php(24): Illuminate\\Encryption\\EncryptionServiceProvider->key(Array)
#3 D:\\JHOSELL\\PROGRAMAS\\laragon\\www\\incidencias\\vendor\\laravel\\framework\\src\\Illuminate\\Container\\Container.php(776): Illuminate\\Encryption\\EncryptionServiceProvider->Illuminate\\Encryption\\{closure}(Object(Illuminate\\Foundation\\Application), Array)
#4 D:\\JHOSELL\\PROGRAMAS\\laragon\\www\\incidencias\\vendor\\laravel\\framework\\src\\Illuminate\\Container\\Container.php(658): Illuminate\\Container\\Container->build(Object(Closure))
#5 D:\\JHOSELL\\PROGRAMAS\\laragon\\www\\incidencias\\vendor\\laravel\\framework\\src\\Illuminate\\Container\\Container.php(609): Illuminate\\Container\\Container->resolve('encrypter', Array)
#6 D:\\JHOSELL\\PROGRAMAS\\laragon\\www\\incidencias\\vendor\\laravel\\framework\\src\\Illuminate\\Foundation\\Application.php(759): Illuminate\\Container\\Container->make('encrypter', Array)
#7 D:\\JHOSELL\\PROGRAMAS\\laragon\\www\\incidencias\\vendor\\laravel\\framework\\src\\Illuminate\\Container\\Container.php(912): Illuminate\\Foundation\\Application->make('encrypter')
#8 D:\\JHOSELL\\PROGRAMAS\\laragon\\www\\incidencias\\vendor\\laravel\\framework\\src\\Illuminate\\Container\\Container.php(840): Illuminate\\Container\\Container->resolveClass(Object(ReflectionParameter))
#9 D:\\JHOSELL\\PROGRAMAS\\laragon\\www\\incidencias\\vendor\\laravel\\framework\\src\\Illuminate\\Container\\Container.php(807): Illuminate\\Container\\Container->resolveDependencies(Array)
#10 D:\\JHOSELL\\PROGRAMAS\\laragon\\www\\incidencias\\vendor\\laravel\\framework\\src\\Illuminate\\Container\\Container.php(658): Illuminate\\Container\\Container->build('App\\\\Http\\\\Middle...')
#11 D:\\JHOSELL\\PROGRAMAS\\laragon\\www\\incidencias\\vendor\\laravel\\framework\\src\\Illuminate\\Container\\Container.php(609): Illuminate\\Container\\Container->resolve('App\\\\Http\\\\Middle...', Array)
#12 D:\\JHOSELL\\PROGRAMAS\\laragon\\www\\incidencias\\vendor\\laravel\\framework\\src\\Illuminate\\Foundation\\Application.php(759): Illuminate\\Container\\Container->make('App\\\\Http\\\\Middle...', Array)
#13 D:\\JHOSELL\\PROGRAMAS\\laragon\\www\\incidencias\\vendor\\laravel\\framework\\src\\Illuminate\\Foundation\\Http\\Kernel.php(215): Illuminate\\Foundation\\Application->make('App\\\\Http\\\\Middle...')
#14 D:\\JHOSELL\\PROGRAMAS\\laragon\\www\\incidencias\\vendor\\laravel\\framework\\src\\Illuminate\\Foundation\\Http\\Kernel.php(189): Illuminate\\Foundation\\Http\\Kernel->terminateMiddleware(Object(Illuminate\\Http\\Request), Object(Illuminate\\Http\\Response))
#15 D:\\JHOSELL\\PROGRAMAS\\laragon\\www\\incidencias\\public\\index.php(60): Illuminate\\Foundation\\Http\\Kernel->terminate(Object(Illuminate\\Http\\Request), Object(Illuminate\\Http\\Response))
#16 {main}
"} 
[2019-02-20 01:13:10] production.ERROR: file_get_contents(D:\JHOSELL\PROGRAMAS\laragon\www\incidencias\.env): failed to open stream: No such file or directory {"exception":"[object] (ErrorException(code: 0): file_get_contents(D:\\JHOSELL\\PROGRAMAS\\laragon\\www\\incidencias\\.env): failed to open stream: No such file or directory at D:\\JHOSELL\\PROGRAMAS\\laragon\\www\\incidencias\\vendor\\laravel\\framework\\src\\Illuminate\\Foundation\\Console\\KeyGenerateCommand.php:96)
[stacktrace]
#0 [internal function]: Illuminate\\Foundation\\Bootstrap\\HandleExceptions->handleError(2, 'file_get_conten...', 'D:\\\\JHOSELL\\\\PROG...', 96, Array)
#1 D:\\JHOSELL\\PROGRAMAS\\laragon\\www\\incidencias\\vendor\\laravel\\framework\\src\\Illuminate\\Foundation\\Console\\KeyGenerateCommand.php(96): file_get_contents('D:\\\\JHOSELL\\\\PROG...')
#2 D:\\JHOSELL\\PROGRAMAS\\laragon\\www\\incidencias\\vendor\\laravel\\framework\\src\\Illuminate\\Foundation\\Console\\KeyGenerateCommand.php(80): Illuminate\\Foundation\\Console\\KeyGenerateCommand->writeNewEnvironmentFileWith('base64:H+WgrT/t...')
#3 D:\\JHOSELL\\PROGRAMAS\\laragon\\www\\incidencias\\vendor\\laravel\\framework\\src\\Illuminate\\Foundation\\Console\\KeyGenerateCommand.php(45): Illuminate\\Foundation\\Console\\KeyGenerateCommand->setKeyInEnvironmentFile('base64:H+WgrT/t...')
#4 [internal function]: Illuminate\\Foundation\\Console\\KeyGenerateCommand->handle()
#5 D:\\JHOSELL\\PROGRAMAS\\laragon\\www\\incidencias\\vendor\\laravel\\framework\\src\\Illuminate\\Container\\BoundMethod.php(29): call_user_func_array(Array, Array)
#6 D:\\JHOSELL\\PROGRAMAS\\laragon\\www\\incidencias\\vendor\\laravel\\framework\\src\\Illuminate\\Container\\BoundMethod.php(87): Illuminate\\Container\\BoundMethod::Illuminate\\Container\\{closure}()
#7 D:\\JHOSELL\\PROGRAMAS\\laragon\\www\\incidencias\\vendor\\laravel\\framework\\src\\Illuminate\\Container\\BoundMethod.php(31): Illuminate\\Container\\BoundMethod::callBoundMethod(Object(Illuminate\\Foundation\\Application), Array, Object(Closure))
#8 D:\\JHOSELL\\PROGRAMAS\\laragon\\www\\incidencias\\vendor\\laravel\\framework\\src\\Illuminate\\Container\\Container.php(572): Illuminate\\Container\\BoundMethod::call(Object(Illuminate\\Foundation\\Application), Array, Array, NULL)
#9 D:\\JHOSELL\\PROGRAMAS\\laragon\\www\\incidencias\\vendor\\laravel\\framework\\src\\Illuminate\\Console\\Command.php(183): Illuminate\\Container\\Container->call(Array)
#10 D:\\JHOSELL\\PROGRAMAS\\laragon\\www\\incidencias\\vendor\\symfony\\console\\Command\\Command.php(255): Illuminate\\Console\\Command->execute(Object(Symfony\\Component\\Console\\Input\\ArgvInput), Object(Illuminate\\Console\\OutputStyle))
#11 D:\\JHOSELL\\PROGRAMAS\\laragon\\www\\incidencias\\vendor\\laravel\\framework\\src\\Illuminate\\Console\\Command.php(170): Symfony\\Component\\Console\\Command\\Command->run(Object(Symfony\\Component\\Console\\Input\\ArgvInput), Object(Illuminate\\Console\\OutputStyle))
#12 D:\\JHOSELL\\PROGRAMAS\\laragon\\www\\incidencias\\vendor\\symfony\\console\\Application.php(901): Illuminate\\Console\\Command->run(Object(Symfony\\Component\\Console\\Input\\ArgvInput), Object(Symfony\\Component\\Console\\Output\\ConsoleOutput))
#13 D:\\JHOSELL\\PROGRAMAS\\laragon\\www\\incidencias\\vendor\\symfony\\console\\Application.php(262): Symfony\\Component\\Console\\Application->doRunCommand(Object(Illuminate\\Foundation\\Console\\KeyGenerateCommand), Object(Symfony\\Component\\Console\\Input\\ArgvInput), Object(Symfony\\Component\\Console\\Output\\ConsoleOutput))
#14 D:\\JHOSELL\\PROGRAMAS\\laragon\\www\\incidencias\\vendor\\symfony\\console\\Application.php(145): Symfony\\Component\\Console\\Application->doRun(Object(Symfony\\Component\\Console\\Input\\ArgvInput), Object(Symfony\\Component\\Console\\Output\\ConsoleOutput))
#15 D:\\JHOSELL\\PROGRAMAS\\laragon\\www\\incidencias\\vendor\\laravel\\framework\\src\\Illuminate\\Console\\Application.php(89): Symfony\\Component\\Console\\Application->run(Object(Symfony\\Component\\Console\\Input\\ArgvInput), Object(Symfony\\Component\\Console\\Output\\ConsoleOutput))
#16 D:\\JHOSELL\\PROGRAMAS\\laragon\\www\\incidencias\\vendor\\laravel\\framework\\src\\Illuminate\\Foundation\\Console\\Kernel.php(122): Illuminate\\Console\\Application->run(Object(Symfony\\Component\\Console\\Input\\ArgvInput), Object(Symfony\\Component\\Console\\Output\\ConsoleOutput))
#17 D:\\JHOSELL\\PROGRAMAS\\laragon\\www\\incidencias\\artisan(37): Illuminate\\Foundation\\Console\\Kernel->handle(Object(Symfony\\Component\\Console\\Input\\ArgvInput), Object(Symfony\\Component\\Console\\Output\\ConsoleOutput))
#18 {main}
"} 
[2019-02-20 01:40:48] local.ERROR: Class InitialSeed does not exist {"exception":"[object] (ReflectionException(code: -1): Class InitialSeed does not exist at D:\\JHOSELL\\PROGRAMAS\\laragon\\www\\incidencias\\vendor\\laravel\\framework\\src\\Illuminate\\Container\\Container.php:779)
[stacktrace]
#0 D:\\JHOSELL\\PROGRAMAS\\laragon\\www\\incidencias\\vendor\\laravel\\framework\\src\\Illuminate\\Container\\Container.php(779): ReflectionClass->__construct('InitialSeed')
#1 D:\\JHOSELL\\PROGRAMAS\\laragon\\www\\incidencias\\vendor\\laravel\\framework\\src\\Illuminate\\Container\\Container.php(658): Illuminate\\Container\\Container->build('InitialSeed')
#2 D:\\JHOSELL\\PROGRAMAS\\laragon\\www\\incidencias\\vendor\\laravel\\framework\\src\\Illuminate\\Container\\Container.php(609): Illuminate\\Container\\Container->resolve('InitialSeed', Array)
#3 D:\\JHOSELL\\PROGRAMAS\\laragon\\www\\incidencias\\vendor\\laravel\\framework\\src\\Illuminate\\Foundation\\Application.php(759): Illuminate\\Container\\Container->make('InitialSeed', Array)
#4 D:\\JHOSELL\\PROGRAMAS\\laragon\\www\\incidencias\\vendor\\laravel\\framework\\src\\Illuminate\\Database\\Seeder.php(68): Illuminate\\Foundation\\Application->make('InitialSeed')
#5 D:\\JHOSELL\\PROGRAMAS\\laragon\\www\\incidencias\\vendor\\laravel\\framework\\src\\Illuminate\\Database\\Seeder.php(42): Illuminate\\Database\\Seeder->resolve('InitialSeed')
#6 D:\\JHOSELL\\PROGRAMAS\\laragon\\www\\incidencias\\database\\seeds\\DatabaseSeeder.php(14): Illuminate\\Database\\Seeder->call('InitialSeed')
#7 [internal function]: DatabaseSeeder->run()
#8 D:\\JHOSELL\\PROGRAMAS\\laragon\\www\\incidencias\\vendor\\laravel\\framework\\src\\Illuminate\\Container\\BoundMethod.php(29): call_user_func_array(Array, Array)
#9 D:\\JHOSELL\\PROGRAMAS\\laragon\\www\\incidencias\\vendor\\laravel\\framework\\src\\Illuminate\\Container\\BoundMethod.php(87): Illuminate\\Container\\BoundMethod::Illuminate\\Container\\{closure}()
#10 D:\\JHOSELL\\PROGRAMAS\\laragon\\www\\incidencias\\vendor\\laravel\\framework\\src\\Illuminate\\Container\\BoundMethod.php(31): Illuminate\\Container\\BoundMethod::callBoundMethod(Object(Illuminate\\Foundation\\Application), Array, Object(Closure))
#11 D:\\JHOSELL\\PROGRAMAS\\laragon\\www\\incidencias\\vendor\\laravel\\framework\\src\\Illuminate\\Container\\Container.php(572): Illuminate\\Container\\BoundMethod::call(Object(Illuminate\\Foundation\\Application), Array, Array, NULL)
#12 D:\\JHOSELL\\PROGRAMAS\\laragon\\www\\incidencias\\vendor\\laravel\\framework\\src\\Illuminate\\Database\\Seeder.php(122): Illuminate\\Container\\Container->call(Array)
#13 D:\\JHOSELL\\PROGRAMAS\\laragon\\www\\incidencias\\vendor\\laravel\\framework\\src\\Illuminate\\Database\\Console\\Seeds\\SeedCommand.php(63): Illuminate\\Database\\Seeder->__invoke()
#14 D:\\JHOSELL\\PROGRAMAS\\laragon\\www\\incidencias\\vendor\\laravel\\framework\\src\\Illuminate\\Database\\Eloquent\\Concerns\\GuardsAttributes.php(122): Illuminate\\Database\\Console\\Seeds\\SeedCommand->Illuminate\\Database\\Console\\Seeds\\{closure}()
#15 D:\\JHOSELL\\PROGRAMAS\\laragon\\www\\incidencias\\vendor\\laravel\\framework\\src\\Illuminate\\Database\\Console\\Seeds\\SeedCommand.php(64): Illuminate\\Database\\Eloquent\\Model::unguarded(Object(Closure))
#16 [internal function]: Illuminate\\Database\\Console\\Seeds\\SeedCommand->handle()
#17 D:\\JHOSELL\\PROGRAMAS\\laragon\\www\\incidencias\\vendor\\laravel\\framework\\src\\Illuminate\\Container\\BoundMethod.php(29): call_user_func_array(Array, Array)
#18 D:\\JHOSELL\\PROGRAMAS\\laragon\\www\\incidencias\\vendor\\laravel\\framework\\src\\Illuminate\\Container\\BoundMethod.php(87): Illuminate\\Container\\BoundMethod::Illuminate\\Container\\{closure}()
#19 D:\\JHOSELL\\PROGRAMAS\\laragon\\www\\incidencias\\vendor\\laravel\\framework\\src\\Illuminate\\Container\\BoundMethod.php(31): Illuminate\\Container\\BoundMethod::callBoundMethod(Object(Illuminate\\Foundation\\Application), Array, Object(Closure))
#20 D:\\JHOSELL\\PROGRAMAS\\laragon\\www\\incidencias\\vendor\\laravel\\framework\\src\\Illuminate\\Container\\Container.php(572): Illuminate\\Container\\BoundMethod::call(Object(Illuminate\\Foundation\\Application), Array, Array, NULL)
#21 D:\\JHOSELL\\PROGRAMAS\\laragon\\www\\incidencias\\vendor\\laravel\\framework\\src\\Illuminate\\Console\\Command.php(183): Illuminate\\Container\\Container->call(Array)
#22 D:\\JHOSELL\\PROGRAMAS\\laragon\\www\\incidencias\\vendor\\symfony\\console\\Command\\Command.php(255): Illuminate\\Console\\Command->execute(Object(Symfony\\Component\\Console\\Input\\ArrayInput), Object(Illuminate\\Console\\OutputStyle))
#23 D:\\JHOSELL\\PROGRAMAS\\laragon\\www\\incidencias\\vendor\\laravel\\framework\\src\\Illuminate\\Console\\Command.php(170): Symfony\\Component\\Console\\Command\\Command->run(Object(Symfony\\Component\\Console\\Input\\ArrayInput), Object(Illuminate\\Console\\OutputStyle))
#24 D:\\JHOSELL\\PROGRAMAS\\laragon\\www\\incidencias\\vendor\\laravel\\framework\\src\\Illuminate\\Console\\Command.php(198): Illuminate\\Console\\Command->run(Object(Symfony\\Component\\Console\\Input\\ArrayInput), Object(Illuminate\\Console\\OutputStyle))
#25 D:\\JHOSELL\\PROGRAMAS\\laragon\\www\\incidencias\\vendor\\laravel\\framework\\src\\Illuminate\\Database\\Console\\Migrations\\RefreshCommand.php(126): Illuminate\\Console\\Command->call('db:seed', Array)
#26 D:\\JHOSELL\\PROGRAMAS\\laragon\\www\\incidencias\\vendor\\laravel\\framework\\src\\Illuminate\\Database\\Console\\Migrations\\RefreshCommand.php(67): Illuminate\\Database\\Console\\Migrations\\RefreshCommand->runSeeder(NULL)
#27 [internal function]: Illuminate\\Database\\Console\\Migrations\\RefreshCommand->handle()
#28 D:\\JHOSELL\\PROGRAMAS\\laragon\\www\\incidencias\\vendor\\laravel\\framework\\src\\Illuminate\\Container\\BoundMethod.php(29): call_user_func_array(Array, Array)
#29 D:\\JHOSELL\\PROGRAMAS\\laragon\\www\\incidencias\\vendor\\laravel\\framework\\src\\Illuminate\\Container\\BoundMethod.php(87): Illuminate\\Container\\BoundMethod::Illuminate\\Container\\{closure}()
#30 D:\\JHOSELL\\PROGRAMAS\\laragon\\www\\incidencias\\vendor\\laravel\\framework\\src\\Illuminate\\Container\\BoundMethod.php(31): Illuminate\\Container\\BoundMethod::callBoundMethod(Object(Illuminate\\Foundation\\Application), Array, Object(Closure))
#31 D:\\JHOSELL\\PROGRAMAS\\laragon\\www\\incidencias\\vendor\\laravel\\framework\\src\\Illuminate\\Container\\Container.php(572): Illuminate\\Container\\BoundMethod::call(Object(Illuminate\\Foundation\\Application), Array, Array, NULL)
#32 D:\\JHOSELL\\PROGRAMAS\\laragon\\www\\incidencias\\vendor\\laravel\\framework\\src\\Illuminate\\Console\\Command.php(183): Illuminate\\Container\\Container->call(Array)
#33 D:\\JHOSELL\\PROGRAMAS\\laragon\\www\\incidencias\\vendor\\symfony\\console\\Command\\Command.php(255): Illuminate\\Console\\Command->execute(Object(Symfony\\Component\\Console\\Input\\ArgvInput), Object(Illuminate\\Console\\OutputStyle))
#34 D:\\JHOSELL\\PROGRAMAS\\laragon\\www\\incidencias\\vendor\\laravel\\framework\\src\\Illuminate\\Console\\Command.php(170): Symfony\\Component\\Console\\Command\\Command->run(Object(Symfony\\Component\\Console\\Input\\ArgvInput), Object(Illuminate\\Console\\OutputStyle))
#35 D:\\JHOSELL\\PROGRAMAS\\laragon\\www\\incidencias\\vendor\\symfony\\console\\Application.php(901): Illuminate\\Console\\Command->run(Object(Symfony\\Component\\Console\\Input\\ArgvInput), Object(Symfony\\Component\\Console\\Output\\ConsoleOutput))
#36 D:\\JHOSELL\\PROGRAMAS\\laragon\\www\\incidencias\\vendor\\symfony\\console\\Application.php(262): Symfony\\Component\\Console\\Application->doRunCommand(Object(Illuminate\\Database\\Console\\Migrations\\RefreshCommand), Object(Symfony\\Component\\Console\\Input\\ArgvInput), Object(Symfony\\Component\\Console\\Output\\ConsoleOutput))
#37 D:\\JHOSELL\\PROGRAMAS\\laragon\\www\\incidencias\\vendor\\symfony\\console\\Application.php(145): Symfony\\Component\\Console\\Application->doRun(Object(Symfony\\Component\\Console\\Input\\ArgvInput), Object(Symfony\\Component\\Console\\Output\\ConsoleOutput))
#38 D:\\JHOSELL\\PROGRAMAS\\laragon\\www\\incidencias\\vendor\\laravel\\framework\\src\\Illuminate\\Console\\Application.php(89): Symfony\\Component\\Console\\Application->run(Object(Symfony\\Component\\Console\\Input\\ArgvInput), Object(Symfony\\Component\\Console\\Output\\ConsoleOutput))
#39 D:\\JHOSELL\\PROGRAMAS\\laragon\\www\\incidencias\\vendor\\laravel\\framework\\src\\Illuminate\\Foundation\\Console\\Kernel.php(122): Illuminate\\Console\\Application->run(Object(Symfony\\Component\\Console\\Input\\ArgvInput), Object(Symfony\\Component\\Console\\Output\\ConsoleOutput))
#40 D:\\JHOSELL\\PROGRAMAS\\laragon\\www\\incidencias\\artisan(37): Illuminate\\Foundation\\Console\\Kernel->handle(Object(Symfony\\Component\\Console\\Input\\ArgvInput), Object(Symfony\\Component\\Console\\Output\\ConsoleOutput))
#41 {main}
"} 
[2019-02-20 01:42:32] local.ERROR: Class InitialSeed does not exist {"exception":"[object] (ReflectionException(code: -1): Class InitialSeed does not exist at D:\\JHOSELL\\PROGRAMAS\\laragon\\www\\incidencias\\vendor\\laravel\\framework\\src\\Illuminate\\Container\\Container.php:779)
[stacktrace]
#0 D:\\JHOSELL\\PROGRAMAS\\laragon\\www\\incidencias\\vendor\\laravel\\framework\\src\\Illuminate\\Container\\Container.php(779): ReflectionClass->__construct('InitialSeed')
#1 D:\\JHOSELL\\PROGRAMAS\\laragon\\www\\incidencias\\vendor\\laravel\\framework\\src\\Illuminate\\Container\\Container.php(658): Illuminate\\Container\\Container->build('InitialSeed')
#2 D:\\JHOSELL\\PROGRAMAS\\laragon\\www\\incidencias\\vendor\\laravel\\framework\\src\\Illuminate\\Container\\Container.php(609): Illuminate\\Container\\Container->resolve('InitialSeed', Array)
#3 D:\\JHOSELL\\PROGRAMAS\\laragon\\www\\incidencias\\vendor\\laravel\\framework\\src\\Illuminate\\Foundation\\Application.php(759): Illuminate\\Container\\Container->make('InitialSeed', Array)
#4 D:\\JHOSELL\\PROGRAMAS\\laragon\\www\\incidencias\\vendor\\laravel\\framework\\src\\Illuminate\\Database\\Seeder.php(68): Illuminate\\Foundation\\Application->make('InitialSeed')
#5 D:\\JHOSELL\\PROGRAMAS\\laragon\\www\\incidencias\\vendor\\laravel\\framework\\src\\Illuminate\\Database\\Seeder.php(42): Illuminate\\Database\\Seeder->resolve('InitialSeed')
#6 D:\\JHOSELL\\PROGRAMAS\\laragon\\www\\incidencias\\database\\seeds\\DatabaseSeeder.php(14): Illuminate\\Database\\Seeder->call('InitialSeed')
#7 [internal function]: DatabaseSeeder->run()
#8 D:\\JHOSELL\\PROGRAMAS\\laragon\\www\\incidencias\\vendor\\laravel\\framework\\src\\Illuminate\\Container\\BoundMethod.php(29): call_user_func_array(Array, Array)
#9 D:\\JHOSELL\\PROGRAMAS\\laragon\\www\\incidencias\\vendor\\laravel\\framework\\src\\Illuminate\\Container\\BoundMethod.php(87): Illuminate\\Container\\BoundMethod::Illuminate\\Container\\{closure}()
#10 D:\\JHOSELL\\PROGRAMAS\\laragon\\www\\incidencias\\vendor\\laravel\\framework\\src\\Illuminate\\Container\\BoundMethod.php(31): Illuminate\\Container\\BoundMethod::callBoundMethod(Object(Illuminate\\Foundation\\Application), Array, Object(Closure))
#11 D:\\JHOSELL\\PROGRAMAS\\laragon\\www\\incidencias\\vendor\\laravel\\framework\\src\\Illuminate\\Container\\Container.php(572): Illuminate\\Container\\BoundMethod::call(Object(Illuminate\\Foundation\\Application), Array, Array, NULL)
#12 D:\\JHOSELL\\PROGRAMAS\\laragon\\www\\incidencias\\vendor\\laravel\\framework\\src\\Illuminate\\Database\\Seeder.php(122): Illuminate\\Container\\Container->call(Array)
#13 D:\\JHOSELL\\PROGRAMAS\\laragon\\www\\incidencias\\vendor\\laravel\\framework\\src\\Illuminate\\Database\\Console\\Seeds\\SeedCommand.php(63): Illuminate\\Database\\Seeder->__invoke()
#14 D:\\JHOSELL\\PROGRAMAS\\laragon\\www\\incidencias\\vendor\\laravel\\framework\\src\\Illuminate\\Database\\Eloquent\\Concerns\\GuardsAttributes.php(122): Illuminate\\Database\\Console\\Seeds\\SeedCommand->Illuminate\\Database\\Console\\Seeds\\{closure}()
#15 D:\\JHOSELL\\PROGRAMAS\\laragon\\www\\incidencias\\vendor\\laravel\\framework\\src\\Illuminate\\Database\\Console\\Seeds\\SeedCommand.php(64): Illuminate\\Database\\Eloquent\\Model::unguarded(Object(Closure))
#16 [internal function]: Illuminate\\Database\\Console\\Seeds\\SeedCommand->handle()
#17 D:\\JHOSELL\\PROGRAMAS\\laragon\\www\\incidencias\\vendor\\laravel\\framework\\src\\Illuminate\\Container\\BoundMethod.php(29): call_user_func_array(Array, Array)
#18 D:\\JHOSELL\\PROGRAMAS\\laragon\\www\\incidencias\\vendor\\laravel\\framework\\src\\Illuminate\\Container\\BoundMethod.php(87): Illuminate\\Container\\BoundMethod::Illuminate\\Container\\{closure}()
#19 D:\\JHOSELL\\PROGRAMAS\\laragon\\www\\incidencias\\vendor\\laravel\\framework\\src\\Illuminate\\Container\\BoundMethod.php(31): Illuminate\\Container\\BoundMethod::callBoundMethod(Object(Illuminate\\Foundation\\Application), Array, Object(Closure))
#20 D:\\JHOSELL\\PROGRAMAS\\laragon\\www\\incidencias\\vendor\\laravel\\framework\\src\\Illuminate\\Container\\Container.php(572): Illuminate\\Container\\BoundMethod::call(Object(Illuminate\\Foundation\\Application), Array, Array, NULL)
#21 D:\\JHOSELL\\PROGRAMAS\\laragon\\www\\incidencias\\vendor\\laravel\\framework\\src\\Illuminate\\Console\\Command.php(183): Illuminate\\Container\\Container->call(Array)
#22 D:\\JHOSELL\\PROGRAMAS\\laragon\\www\\incidencias\\vendor\\symfony\\console\\Command\\Command.php(255): Illuminate\\Console\\Command->execute(Object(Symfony\\Component\\Console\\Input\\ArrayInput), Object(Illuminate\\Console\\OutputStyle))
#23 D:\\JHOSELL\\PROGRAMAS\\laragon\\www\\incidencias\\vendor\\laravel\\framework\\src\\Illuminate\\Console\\Command.php(170): Symfony\\Component\\Console\\Command\\Command->run(Object(Symfony\\Component\\Console\\Input\\ArrayInput), Object(Illuminate\\Console\\OutputStyle))
#24 D:\\JHOSELL\\PROGRAMAS\\laragon\\www\\incidencias\\vendor\\laravel\\framework\\src\\Illuminate\\Console\\Command.php(198): Illuminate\\Console\\Command->run(Object(Symfony\\Component\\Console\\Input\\ArrayInput), Object(Illuminate\\Console\\OutputStyle))
#25 D:\\JHOSELL\\PROGRAMAS\\laragon\\www\\incidencias\\vendor\\laravel\\framework\\src\\Illuminate\\Database\\Console\\Migrations\\RefreshCommand.php(126): Illuminate\\Console\\Command->call('db:seed', Array)
#26 D:\\JHOSELL\\PROGRAMAS\\laragon\\www\\incidencias\\vendor\\laravel\\framework\\src\\Illuminate\\Database\\Console\\Migrations\\RefreshCommand.php(67): Illuminate\\Database\\Console\\Migrations\\RefreshCommand->runSeeder(NULL)
#27 [internal function]: Illuminate\\Database\\Console\\Migrations\\RefreshCommand->handle()
#28 D:\\JHOSELL\\PROGRAMAS\\laragon\\www\\incidencias\\vendor\\laravel\\framework\\src\\Illuminate\\Container\\BoundMethod.php(29): call_user_func_array(Array, Array)
#29 D:\\JHOSELL\\PROGRAMAS\\laragon\\www\\incidencias\\vendor\\laravel\\framework\\src\\Illuminate\\Container\\BoundMethod.php(87): Illuminate\\Container\\BoundMethod::Illuminate\\Container\\{closure}()
#30 D:\\JHOSELL\\PROGRAMAS\\laragon\\www\\incidencias\\vendor\\laravel\\framework\\src\\Illuminate\\Container\\BoundMethod.php(31): Illuminate\\Container\\BoundMethod::callBoundMethod(Object(Illuminate\\Foundation\\Application), Array, Object(Closure))
#31 D:\\JHOSELL\\PROGRAMAS\\laragon\\www\\incidencias\\vendor\\laravel\\framework\\src\\Illuminate\\Container\\Container.php(572): Illuminate\\Container\\BoundMethod::call(Object(Illuminate\\Foundation\\Application), Array, Array, NULL)
#32 D:\\JHOSELL\\PROGRAMAS\\laragon\\www\\incidencias\\vendor\\laravel\\framework\\src\\Illuminate\\Console\\Command.php(183): Illuminate\\Container\\Container->call(Array)
#33 D:\\JHOSELL\\PROGRAMAS\\laragon\\www\\incidencias\\vendor\\symfony\\console\\Command\\Command.php(255): Illuminate\\Console\\Command->execute(Object(Symfony\\Component\\Console\\Input\\ArgvInput), Object(Illuminate\\Console\\OutputStyle))
#34 D:\\JHOSELL\\PROGRAMAS\\laragon\\www\\incidencias\\vendor\\laravel\\framework\\src\\Illuminate\\Console\\Command.php(170): Symfony\\Component\\Console\\Command\\Command->run(Object(Symfony\\Component\\Console\\Input\\ArgvInput), Object(Illuminate\\Console\\OutputStyle))
#35 D:\\JHOSELL\\PROGRAMAS\\laragon\\www\\incidencias\\vendor\\symfony\\console\\Application.php(901): Illuminate\\Console\\Command->run(Object(Symfony\\Component\\Console\\Input\\ArgvInput), Object(Symfony\\Component\\Console\\Output\\ConsoleOutput))
#36 D:\\JHOSELL\\PROGRAMAS\\laragon\\www\\incidencias\\vendor\\symfony\\console\\Application.php(262): Symfony\\Component\\Console\\Application->doRunCommand(Object(Illuminate\\Database\\Console\\Migrations\\RefreshCommand), Object(Symfony\\Component\\Console\\Input\\ArgvInput), Object(Symfony\\Component\\Console\\Output\\ConsoleOutput))
#37 D:\\JHOSELL\\PROGRAMAS\\laragon\\www\\incidencias\\vendor\\symfony\\console\\Application.php(145): Symfony\\Component\\Console\\Application->doRun(Object(Symfony\\Component\\Console\\Input\\ArgvInput), Object(Symfony\\Component\\Console\\Output\\ConsoleOutput))
#38 D:\\JHOSELL\\PROGRAMAS\\laragon\\www\\incidencias\\vendor\\laravel\\framework\\src\\Illuminate\\Console\\Application.php(89): Symfony\\Component\\Console\\Application->run(Object(Symfony\\Component\\Console\\Input\\ArgvInput), Object(Symfony\\Component\\Console\\Output\\ConsoleOutput))
#39 D:\\JHOSELL\\PROGRAMAS\\laragon\\www\\incidencias\\vendor\\laravel\\framework\\src\\Illuminate\\Foundation\\Console\\Kernel.php(122): Illuminate\\Console\\Application->run(Object(Symfony\\Component\\Console\\Input\\ArgvInput), Object(Symfony\\Component\\Console\\Output\\ConsoleOutput))
#40 D:\\JHOSELL\\PROGRAMAS\\laragon\\www\\incidencias\\artisan(37): Illuminate\\Foundation\\Console\\Kernel->handle(Object(Symfony\\Component\\Console\\Input\\ArgvInput), Object(Symfony\\Component\\Console\\Output\\ConsoleOutput))
#41 {main}
"} 
[2019-02-20 02:42:40] local.ERROR: Command "server" is not defined.

Did you mean one of these?
    dump-server
    make:observer
    serve {"exception":"[object] (Symfony\\Component\\Console\\Exception\\CommandNotFoundException(code: 0): Command \"server\" is not defined.

Did you mean one of these?
    dump-server
    make:observer
    serve at D:\\JHOSELL\\PROGRAMAS\\laragon\\www\\incidencias\\vendor\\symfony\\console\\Application.php:632)
[stacktrace]
#0 D:\\JHOSELL\\PROGRAMAS\\laragon\\www\\incidencias\\vendor\\symfony\\console\\Application.php(226): Symfony\\Component\\Console\\Application->find('server')
#1 D:\\JHOSELL\\PROGRAMAS\\laragon\\www\\incidencias\\vendor\\symfony\\console\\Application.php(145): Symfony\\Component\\Console\\Application->doRun(Object(Symfony\\Component\\Console\\Input\\ArgvInput), Object(Symfony\\Component\\Console\\Output\\ConsoleOutput))
#2 D:\\JHOSELL\\PROGRAMAS\\laragon\\www\\incidencias\\vendor\\laravel\\framework\\src\\Illuminate\\Console\\Application.php(89): Symfony\\Component\\Console\\Application->run(Object(Symfony\\Component\\Console\\Input\\ArgvInput), Object(Symfony\\Component\\Console\\Output\\ConsoleOutput))
#3 D:\\JHOSELL\\PROGRAMAS\\laragon\\www\\incidencias\\vendor\\laravel\\framework\\src\\Illuminate\\Foundation\\Console\\Kernel.php(122): Illuminate\\Console\\Application->run(Object(Symfony\\Component\\Console\\Input\\ArgvInput), Object(Symfony\\Component\\Console\\Output\\ConsoleOutput))
#4 D:\\JHOSELL\\PROGRAMAS\\laragon\\www\\incidencias\\artisan(37): Illuminate\\Foundation\\Console\\Kernel->handle(Object(Symfony\\Component\\Console\\Input\\ArgvInput), Object(Symfony\\Component\\Console\\Output\\ConsoleOutput))
#5 {main}
"} 
